cl : 命令行  warning D9025: 正在重写“/MTd”(用“/MDd”)
  SandboxApp.cpp
D:\Project\Git Project\CryDust\CryDust\src\CryDust\Log.h(21,42): warning C4251: “CryDust::Log::s_CoreLogger”: class“std::shared_ptr<spdlog::logger>”需要有 dll 接口由 class“CryDust::Log”的客户端使用
D:\Project\Git Project\CryDust\CryDust\vendor\spdlog\include\spdlog\details\registry.h(33,31): message : 参见“std::shared_ptr<spdlog::logger>”的声明
D:\Project\Git Project\CryDust\CryDust\src\CryDust\Log.h(22,42): warning C4251: “CryDust::Log::s_ClientLogger”: class“std::shared_ptr<spdlog::logger>”需要有 dll 接口由 class“CryDust::Log”的客户端使用
D:\Project\Git Project\CryDust\CryDust\vendor\spdlog\include\spdlog\details\registry.h(33,31): message : 参见“std::shared_ptr<spdlog::logger>”的声明
D:\Project\Git Project\CryDust\CryDust\src\CryDust\Layer.h(25,15): warning C4251: “CryDust::Layer::m_DebugName”: class“std::basic_string<char,std::char_traits<char>,std::allocator<char>>”需要有 dll 接口由 class“CryDust::Layer”的客户端使用
C:\Program Files\Microsoft Visual Studio\2022\Community\VC\Tools\MSVC\14.34.31933\include\xstring(5297,17): message : 参见“std::basic_string<char,std::char_traits<char>,std::allocator<char>>”的声明
D:\Project\Git Project\CryDust\CryDust\src\CryDust\LayerStack.h(24,23): warning C4251: “CryDust::LayerStack::m_Layers”: class“std::vector<CryDust::Layer *,std::allocator<CryDust::Layer *>>”需要有 dll 接口由 class“CryDust::LayerStack”的客户端使用
D:\Project\Git Project\CryDust\CryDust\src\CryDust\LayerStack.h(21,8): message : 参见“std::vector<CryDust::Layer *,std::allocator<CryDust::Layer *>>”的声明
D:\Project\Git Project\CryDust\CryDust\src\CryDust\LayerStack.h(25,33): warning C4251: “CryDust::LayerStack::m_LayerInsert”: class“std::_Vector_iterator<std::_Vector_val<std::_Simple_types<_Ty>>>”需要有 dll 接口由 class“CryDust::LayerStack”的客户端使用
          with
          [
              _Ty=CryDust::Layer *
          ]
C:\Program Files\Microsoft Visual Studio\2022\Community\VC\Tools\MSVC\14.34.31933\include\vector(668,36): message : 参见“std::_Vector_iterator<std::_Vector_val<std::_Simple_types<_Ty>>>”的声明
          with
          [
              _Ty=CryDust::Layer *
          ]
D:\Project\Git Project\CryDust\CryDust\src\CryDust\Application.h(35,27): warning C4251: “CryDust::Application::m_Window”: class“std::unique_ptr<CryDust::Window,std::default_delete<CryDust::Window>>”需要有 dll 接口由 class“CryDust::Application”的客户端使用
D:\Project\Git Project\CryDust\CryDust\src\CryDust\Application.h(35,8): message : 参见“std::unique_ptr<CryDust::Window,std::default_delete<CryDust::Window>>”的声明
  LINK : 没有找到 ..\bin\Debug-windows-x86_64\SandBox\SandBox.exe 或上一个增量链接没有生成它；正在执行完全链接
  SandBox.vcxproj -> D:\Project\Git Project\CryDust\bin\Debug-windows-x86_64\SandBox\SandBox.exe
  'pwsh.exe' 不是内部或外部命令，也不是可运行的程序
  或批处理文件。
