  Application.cpp
D:\Project\Git Project\CryDust\CryDust\vendor\imgui\imgui.h(74,1): warning C4005: “IMGUI_VERSION”: 宏重定义
D:\Project\Git Project\CryDust\CryDust\vendor\imgui\imgui.h(25,1): message : 参见“IMGUI_VERSION”的前一个定义
D:\Project\Git Project\CryDust\CryDust\vendor\imgui\imgui.h(75,1): warning C4005: “IMGUI_VERSION_NUM”: 宏重定义
D:\Project\Git Project\CryDust\CryDust\vendor\imgui\imgui.h(26,1): message : 参见“IMGUI_VERSION_NUM”的前一个定义
  ImGuiLayer.cpp
D:\Project\Git Project\CryDust\CryDust\vendor\imgui\imgui.h(74,1): warning C4005: “IMGUI_VERSION”: 宏重定义
D:\Project\Git Project\CryDust\CryDust\vendor\imgui\imgui.h(25,1): message : 参见“IMGUI_VERSION”的前一个定义
D:\Project\Git Project\CryDust\CryDust\vendor\imgui\imgui.h(75,1): warning C4005: “IMGUI_VERSION_NUM”: 宏重定义
D:\Project\Git Project\CryDust\CryDust\vendor\imgui\imgui.h(26,1): message : 参见“IMGUI_VERSION_NUM”的前一个定义
  OrthographicCamera.cpp
  OrthographicCameraController.cpp
  Renderer.cpp
  Renderer2D.cpp
  OpenGLBuffer.cpp
  OpenGLContext.cpp
  OpenGLRendererAPI.cpp
  OpenGLShader.cpp
  OpenGLTexture.cpp
  OpenGLVertexArray.cpp
D:\Project\Git Project\CryDust\CryDust\src\Platform\OpenGL\OpenGLVertexArray.cpp(71,32): warning C4312: “类型强制转换”: 从“const uint32_t”转换到更大的“const void *”
  WindowsWindow.cpp
D:\Project\Git Project\CryDust\CryDust\src\Platform\Windows\WindowsWindow.cpp(53,4): warning C4002: 类函数宏的调用“CD_PROFILE_FUNCTION”参数过多
  正在生成代码...
  CryDust.vcxproj -> D:\Project\Git Project\CryDust\bin\Debug-windows-x86_64\CryDust\CryDust.lib
